<?xml version="1.0" encoding="UTF-8"?>
<!-- Generated by org.testng.reporters.JUnitReportReporter -->
<testsuite hostname="Ninja" name="ToolsQA.FrameWorkTest.MultiThreadBrowserTest" tests="3" failures="0" timestamp="20 Sep 2016 18:57:24 GMT" time="126.083" errors="2">
  <testcase name="Test001" time="42.893" classname="ToolsQA.FrameWorkTest.MultiThreadBrowserTest">
    <error type="org.openqa.selenium.WebDriverException" message="Failed to decode response from marionette (WARNING: The server did not provide any stacktrace information)
Command duration or timeout: 4.88 seconds
Build info: version: &#039;unknown&#039;, revision: &#039;c7b525d&#039;, time: &#039;2016-09-01 14:57:44 -0700&#039;
System info: host: &#039;Ninja&#039;, ip: &#039;192.168.1.3&#039;, os.name: &#039;Windows 10&#039;, os.arch: &#039;amd64&#039;, os.version: &#039;10.0&#039;, java.version: &#039;1.8.0_77&#039;
Driver info: org.openqa.selenium.firefox.FirefoxDriver
Capabilities [{rotatable=false, raisesAccessibilityExceptions=false, appBuildId=20160623154057, version=, platform=XP, proxy={}, command_id=1, specificationLevel=0, acceptSslCerts=false, browserVersion=47.0.1, platformVersion=10.0, XULappId={ec8030f7-c20a-464f-9b0e-13a3a9e97384}, browserName=Firefox, takesScreenshot=true, takesElementScreenshot=true, platformName=Windows_NT, device=desktop}]
Session ID: be4df228-e99f-4a0d-a834-1553098b18b9">
      <![CDATA[org.openqa.selenium.WebDriverException: Failed to decode response from marionette (WARNING: The server did not provide any stacktrace information)
Command duration or timeout: 4.88 seconds
Build info: version: 'unknown', revision: 'c7b525d', time: '2016-09-01 14:57:44 -0700'
System info: host: 'Ninja', ip: '192.168.1.3', os.name: 'Windows 10', os.arch: 'amd64', os.version: '10.0', java.version: '1.8.0_77'
Driver info: org.openqa.selenium.firefox.FirefoxDriver
Capabilities [{rotatable=false, raisesAccessibilityExceptions=false, appBuildId=20160623154057, version=, platform=XP, proxy={}, command_id=1, specificationLevel=0, acceptSslCerts=false, browserVersion=47.0.1, platformVersion=10.0, XULappId={ec8030f7-c20a-464f-9b0e-13a3a9e97384}, browserName=Firefox, takesScreenshot=true, takesElementScreenshot=true, platformName=Windows_NT, device=desktop}]
Session ID: be4df228-e99f-4a0d-a834-1553098b18b9
	at sun.reflect.NativeConstructorAccessorImpl.newInstance0(Native Method)
	at sun.reflect.NativeConstructorAccessorImpl.newInstance(Unknown Source)
	at sun.reflect.DelegatingConstructorAccessorImpl.newInstance(Unknown Source)
	at java.lang.reflect.Constructor.newInstance(Unknown Source)
	at org.openqa.selenium.remote.ErrorHandler.createThrowable(ErrorHandler.java:206)
	at org.openqa.selenium.remote.ErrorHandler.throwIfResponseFailed(ErrorHandler.java:158)
	at org.openqa.selenium.remote.RemoteWebDriver.execute(RemoteWebDriver.java:631)
	at org.openqa.selenium.remote.RemoteWebDriver.execute(RemoteWebDriver.java:654)
	at org.openqa.selenium.remote.RemoteWebDriver$RemoteNavigation.refresh(RemoteWebDriver.java:906)
	at ToolsQA.FrameWorkTest.MultiThreadBrowserTest.Test001(MultiThreadBrowserTest.java:69)
	at sun.reflect.NativeMethodAccessorImpl.invoke0(Native Method)
	at sun.reflect.NativeMethodAccessorImpl.invoke(Unknown Source)
	at sun.reflect.DelegatingMethodAccessorImpl.invoke(Unknown Source)
	at java.lang.reflect.Method.invoke(Unknown Source)
	at org.testng.internal.MethodInvocationHelper.invokeMethod(MethodInvocationHelper.java:86)
	at org.testng.internal.Invoker.invokeMethod(Invoker.java:646)
	at org.testng.internal.Invoker.invokeTestMethod(Invoker.java:823)
	at org.testng.internal.TestMethodWithDataProviderMethodWorker.call(TestMethodWithDataProviderMethodWorker.java:75)
	at org.testng.internal.TestMethodWithDataProviderMethodWorker.call(TestMethodWithDataProviderMethodWorker.java:14)
	at java.util.concurrent.FutureTask.run(Unknown Source)
	at java.util.concurrent.Executors$RunnableAdapter.call(Unknown Source)
	at java.util.concurrent.FutureTask.run(Unknown Source)
	at java.util.concurrent.ThreadPoolExecutor.runWorker(Unknown Source)
	at java.util.concurrent.ThreadPoolExecutor$Worker.run(Unknown Source)
	at java.lang.Thread.run(Unknown Source)
]]>
    </error>
  </testcase> <!-- Test001 -->
  <testcase name="Test001" time="31.127" classname="ToolsQA.FrameWorkTest.MultiThreadBrowserTest"/>
  <testcase name="Test001" time="52.063" classname="ToolsQA.FrameWorkTest.MultiThreadBrowserTest">
    <error type="org.openqa.selenium.WebDriverException" message="Failed to decode response from marionette (WARNING: The server did not provide any stacktrace information)
Command duration or timeout: 3.01 seconds
Build info: version: &#039;unknown&#039;, revision: &#039;c7b525d&#039;, time: &#039;2016-09-01 14:57:44 -0700&#039;
System info: host: &#039;Ninja&#039;, ip: &#039;192.168.1.3&#039;, os.name: &#039;Windows 10&#039;, os.arch: &#039;amd64&#039;, os.version: &#039;10.0&#039;, java.version: &#039;1.8.0_77&#039;
Driver info: org.openqa.selenium.firefox.FirefoxDriver
Capabilities [{rotatable=false, raisesAccessibilityExceptions=false, appBuildId=20160623154057, version=, platform=XP, proxy={}, command_id=1, specificationLevel=0, acceptSslCerts=false, browserVersion=47.0.1, platformVersion=10.0, XULappId={ec8030f7-c20a-464f-9b0e-13a3a9e97384}, browserName=Firefox, takesScreenshot=true, takesElementScreenshot=true, platformName=Windows_NT, device=desktop}]
Session ID: 664ce4b1-152b-4716-a2d7-cd39a7e70611">
      <![CDATA[org.openqa.selenium.WebDriverException: Failed to decode response from marionette (WARNING: The server did not provide any stacktrace information)
Command duration or timeout: 3.01 seconds
Build info: version: 'unknown', revision: 'c7b525d', time: '2016-09-01 14:57:44 -0700'
System info: host: 'Ninja', ip: '192.168.1.3', os.name: 'Windows 10', os.arch: 'amd64', os.version: '10.0', java.version: '1.8.0_77'
Driver info: org.openqa.selenium.firefox.FirefoxDriver
Capabilities [{rotatable=false, raisesAccessibilityExceptions=false, appBuildId=20160623154057, version=, platform=XP, proxy={}, command_id=1, specificationLevel=0, acceptSslCerts=false, browserVersion=47.0.1, platformVersion=10.0, XULappId={ec8030f7-c20a-464f-9b0e-13a3a9e97384}, browserName=Firefox, takesScreenshot=true, takesElementScreenshot=true, platformName=Windows_NT, device=desktop}]
Session ID: 664ce4b1-152b-4716-a2d7-cd39a7e70611
	at sun.reflect.NativeConstructorAccessorImpl.newInstance0(Native Method)
	at sun.reflect.NativeConstructorAccessorImpl.newInstance(Unknown Source)
	at sun.reflect.DelegatingConstructorAccessorImpl.newInstance(Unknown Source)
	at java.lang.reflect.Constructor.newInstance(Unknown Source)
	at org.openqa.selenium.remote.ErrorHandler.createThrowable(ErrorHandler.java:206)
	at org.openqa.selenium.remote.ErrorHandler.throwIfResponseFailed(ErrorHandler.java:158)
	at org.openqa.selenium.remote.RemoteWebDriver.execute(RemoteWebDriver.java:631)
	at org.openqa.selenium.remote.RemoteWebDriver.execute(RemoteWebDriver.java:654)
	at org.openqa.selenium.remote.RemoteWebDriver$RemoteNavigation.refresh(RemoteWebDriver.java:906)
	at ToolsQA.FrameWorkTest.MultiThreadBrowserTest.Test001(MultiThreadBrowserTest.java:69)
	at sun.reflect.NativeMethodAccessorImpl.invoke0(Native Method)
	at sun.reflect.NativeMethodAccessorImpl.invoke(Unknown Source)
	at sun.reflect.DelegatingMethodAccessorImpl.invoke(Unknown Source)
	at java.lang.reflect.Method.invoke(Unknown Source)
	at org.testng.internal.MethodInvocationHelper.invokeMethod(MethodInvocationHelper.java:86)
	at org.testng.internal.Invoker.invokeMethod(Invoker.java:646)
	at org.testng.internal.Invoker.invokeTestMethod(Invoker.java:823)
	at org.testng.internal.TestMethodWithDataProviderMethodWorker.call(TestMethodWithDataProviderMethodWorker.java:75)
	at org.testng.internal.TestMethodWithDataProviderMethodWorker.call(TestMethodWithDataProviderMethodWorker.java:14)
	at java.util.concurrent.FutureTask.run(Unknown Source)
	at java.util.concurrent.Executors$RunnableAdapter.call(Unknown Source)
	at java.util.concurrent.FutureTask.run(Unknown Source)
	at java.util.concurrent.ThreadPoolExecutor.runWorker(Unknown Source)
	at java.util.concurrent.ThreadPoolExecutor$Worker.run(Unknown Source)
	at java.lang.Thread.run(Unknown Source)
]]>
    </error>
  </testcase> <!-- Test001 -->
</testsuite> <!-- ToolsQA.FrameWorkTest.MultiThreadBrowserTest -->
